<?xml version="1.0" encoding="UTF-8"?>
<robot generator="Robot 7.2 (Python 3.11.0 on win32)" generated="2025-02-19T15:53:16.095978" rpa="false" schemaversion="5">
<suite id="s1" name="Checkout" source="C:\Users\ecruz\Desktop\Automações\poc-robot-app\feature\checkout.robot">
<test id="s1-t1" name="Checkout do usuario" line="6">
<kw name="Abrir aplicativo" owner="android_capabilities">
<kw name="Open Application" owner="AppiumLibrary">
<kw name="Capture Page Screenshot" owner="AppiumLibrary">
<msg time="2025-02-19T15:53:18.142173" level="FAIL">No application is open</msg>
<doc>Takes a screenshot of the current page and embeds it into the log.</doc>
<status status="FAIL" start="2025-02-19T15:53:18.142173" elapsed="0.004670">No application is open</status>
</kw>
<msg time="2025-02-19T15:53:18.151867" level="WARN">Keyword 'Capture Page Screenshot' could not be run on failure: No application is open</msg>
<msg time="2025-02-19T15:53:18.151867" level="FAIL">WebDriverException: Message: An unknown server-side error occurred while processing the command. Original error: Error getting device platform version. Original error: Error executing adbExec. Original error: 'Command 'C:\\Users\\ecruz\\AppData\\Local\\Android\\Sdk\\platform-tools\\adb.exe -P 5037 -s RQCT20660HP shell getprop ro.build.version.release' exited with code 1'; Command output: adb.exe: device unauthorized.
This adb server's $ADB_VENDOR_KEYS is not set
Try 'adb kill-server' if that seems wrong.
Otherwise check for a confirmation dialog on your device.

Stacktrace:
UnknownError: An unknown server-side error occurred while processing the command. Original error: Error getting device platform version. Original error: Error executing adbExec. Original error: 'Command 'C:\\Users\\ecruz\\AppData\\Local\\Android\\Sdk\\platform-tools\\adb.exe -P 5037 -s RQCT20660HP shell getprop ro.build.version.release' exited with code 1'; Command output: adb.exe: device unauthorized.
This adb server's $ADB_VENDOR_KEYS is not set
Try 'adb kill-server' if that seems wrong.
Otherwise check for a confirmation dialog on your device.

    at getResponseForW3CError (C:\Users\ecruz\AppData\Roaming\npm\node_modules\appium\node_modules\@appium\base-driver\lib\protocol\errors.js:1143:9)
    at asyncHandler (C:\Users\ecruz\AppData\Roaming\npm\node_modules\appium\node_modules\@appium\base-driver\lib\protocol\protocol.js:485:57)</msg>
<arg>http://127.0.0.1:4723</arg>
<arg>automationName=${ANDROID_AUTOMATION_NAME}</arg>
<arg>platformName=${ANDROID_PLATFORM_NAME}</arg>
<arg>platformVersion=${ANDROID_PLATFORM_VERSION}</arg>
<arg>app=${ANDROID_APP}</arg>
<arg>appPackage=br.com.telesena.app</arg>
<arg>autoGrantPermissions=true</arg>
<doc>Opens a new application to given Appium server.
Capabilities of appium server, Android and iOS,
Please check https://appium.io/docs/en/2.1/cli/args/
| *Option*            | *Man.* | *Description*     |
| remote_url          | Yes    | Appium server url |
| alias               | no     | alias             |
| strict_ssl          | No     | allows you to send commands to an invalid certificate host like a self-signed one. |</doc>
<status status="FAIL" start="2025-02-19T15:53:16.327663" elapsed="1.829254">WebDriverException: Message: An unknown server-side error occurred while processing the command. Original error: Error getting device platform version. Original error: Error executing adbExec. Original error: 'Command 'C:\\Users\\ecruz\\AppData\\Local\\Android\\Sdk\\platform-tools\\adb.exe -P 5037 -s RQCT20660HP shell getprop ro.build.version.release' exited with code 1'; Command output: adb.exe: device unauthorized.
This adb server's $ADB_VENDOR_KEYS is not set
Try 'adb kill-server' if that seems wrong.
Otherwise check for a confirmation dialog on your device.

Stacktrace:
UnknownError: An unknown server-side error occurred while processing the command. Original error: Error getting device platform version. Original error: Error executing adbExec. Original error: 'Command 'C:\\Users\\ecruz\\AppData\\Local\\Android\\Sdk\\platform-tools\\adb.exe -P 5037 -s RQCT20660HP shell getprop ro.build.version.release' exited with code 1'; Command output: adb.exe: device unauthorized.
This adb server's $ADB_VENDOR_KEYS is not set
Try 'adb kill-server' if that seems wrong.
Otherwise check for a confirmation dialog on your device.

    at getResponseForW3CError (C:\Users\ecruz\AppData\Roaming\npm\node_modules\appium\node_modules\@appium\base-driver\lib\protocol\errors.js:1143:9)
    at asyncHandler (C:\Users\ecruz\AppData\Roaming\npm\node_modules\appium\node_modules\@appium\base-driver\lib\protocol\protocol.js:485:57)</status>
</kw>
<status status="FAIL" start="2025-02-19T15:53:16.327663" elapsed="1.829254">WebDriverException: Message: An unknown server-side error occurred while processing the command. Original error: Error getting device platform version. Original error: Error executing adbExec. Original error: 'Command 'C:\\Users\\ecruz\\AppData\\Local\\Android\\Sdk\\platform-tools\\adb.exe -P 5037 -s RQCT20660HP shell getprop ro.build.version.release' exited with code 1'; Command output: adb.exe: device unauthorized.
This adb server's $ADB_VENDOR_KEYS is not set
Try 'adb kill-server' if that seems wrong.
Otherwise check for a confirmation dialog on your device.

Stacktrace:
UnknownError: An unknown server-side error occurred while processing the command. Original error: Error getting device platform version. Original error: Error executing adbExec. Original error: 'Command 'C:\\Users\\ecruz\\AppData\\Local\\Android\\Sdk\\platform-tools\\adb.exe -P 5037 -s RQCT20660HP shell getprop ro.build.version.release' exited with code 1'; Command output: adb.exe: device unauthorized.
This adb server's $ADB_VENDOR_KEYS is not set
Try 'adb kill-server' if that seems wrong.
Otherwise check for a confirmation dialog on your device.

    at getResponseForW3CError (C:\Users\ecruz\AppData\Roaming\npm\node_modules\appium\node_modules\@appium\base-driver\lib\protocol\errors.js:1143:9)
    at asyncHandler (C:\Users\ecruz\AppData\Roaming\npm\node_modules\appium\node_modules\@appium\base-driver\lib\protocol\protocol.js:485:57)</status>
</kw>
<kw name="Fechar modal" owner="checkout">
<status status="NOT RUN" start="2025-02-19T15:53:18.156917" elapsed="0.000000"/>
</kw>
<kw name="Clicar em comprar menu" owner="checkout">
<status status="NOT RUN" start="2025-02-19T15:53:18.159977" elapsed="0.000000"/>
</kw>
<kw name="Selecionar compra" owner="checkout">
<status status="NOT RUN" start="2025-02-19T15:53:18.160544" elapsed="0.000000"/>
</kw>
<status status="FAIL" start="2025-02-19T15:53:16.327663" elapsed="1.833883">WebDriverException: Message: An unknown server-side error occurred while processing the command. Original error: Error getting device platform version. Original error: Error executing adbExec. Original error: 'Command 'C:\\Users\\ecruz\\AppData\\Local\\Android\\Sdk\\platform-tools\\adb.exe -P 5037 -s RQCT20660HP shell getprop ro.build.version.release' exited with code 1'; Command output: adb.exe: device unauthorized.
This adb server's $ADB_VENDOR_KEYS is not set
Try 'adb kill-server' if that seems wrong.
Otherwise check for a confirmation dialog on your device.

Stacktrace:
UnknownError: An unknown server-side error occurred while processing the command. Original error: Error getting device platform version. Original error: Error executing adbExec. Original error: 'Command 'C:\\Users\\ecruz\\AppData\\Local\\Android\\Sdk\\platform-tools\\adb.exe -P 5037 -s RQCT20660HP shell getprop ro.build.version.release' exited with code 1'; Command output: adb.exe: device unauthorized.
This adb server's $ADB_VENDOR_KEYS is not set
Try 'adb kill-server' if that seems wrong.
Otherwise check for a confirmation dialog on your device.

    at getResponseForW3CError (C:\Users\ecruz\AppData\Roaming\npm\node_modules\appium\node_modules\@appium\base-driver\lib\protocol\errors.js:1143:9)
    at asyncHandler (C:\Users\ecruz\AppData\Roaming\npm\node_modules\appium\node_modules\@appium\base-driver\lib\protocol\protocol.js:485:57)</status>
</test>
<status status="FAIL" start="2025-02-19T15:53:16.097115" elapsed="2.071525"/>
</suite>
<statistics>
<total>
<stat pass="0" fail="1" skip="0">All Tests</stat>
</total>
<tag>
</tag>
<suite>
<stat name="Checkout" id="s1" pass="0" fail="1" skip="0">Checkout</stat>
</suite>
</statistics>
<errors>
<msg time="2025-02-19T15:53:18.151867" level="WARN">Keyword 'Capture Page Screenshot' could not be run on failure: No application is open</msg>
</errors>
</robot>
